/* STANDARD IMAGES FOR ALL */

.res RES_IMAGE
.ubin
.image "crosslogo.png"

.res RES_SELECTED_EDITBOX
.ubin 
.image "background_editbox_sel.png"

.res RES_UNSELECTED_EDITBOX
.ubin 
.image "background_editbox_unsel.png"

.res RES_UNSELECTED_BUTTON
.ubin
.image "background_button_unsel.png"

.res RES_SELECTED_BUTTON
.ubin
.image "background_button_sel.png"

.res RES_TEXT_BOX
.ubin 
.image "background_text_sel.png"

.res RES_BACKGROUND
.ubin
.image "background.png"

.res RES_SELECTED_LIST
.ubin
.image "background_list_sel.png"  

.res RES_UNSELECTED_LIST
.ubin
.image "background_list_unsel.png"

.res RES_SELECTED_ALBUM
.ubin
.image "background_album_sel.png"

.res RES_UNSELECTED_ALBUM
.ubin
.image "background_album_unsel.png"  

.res RESP_DATA
.placeholder

.res RESP_IMAGE
.placeholder

.res RES_TEMPTHUMB
.ubin
.include "emptythumb.png"

.res RES_TEMP
.ubin
.include "empty.png"

.res RES_LOADINGTHUMB
.ubin
.include "loadingthumb.png"

.res RES_MISSINGTHUMB
.ubin
.include "missingcardthumb.png"

.res RES_CHANGE_STAR
.ubin
.image "change_star.png"

.res RES_EMPTY_FLIP
.ubin
.include "empty_flip.png"

.res RES_BOX_SELECTED
.ubin
.image "box_selected.png"

.res RES_BOX_UNSELECTED
.ubin
.image "box_unselected.png"

.res RES_LOADING1
.ubin
.include "loading1.png"

.res RES_LOADING2
.ubin
.include "loading2.png"

.res RES_LOADING3
.ubin
.include "loading3.png"

.res RES_LOADING4
.ubin
.include "loading4.png"

.res RES_LOADING5
.ubin
.include "loading5.png"

.res RES_LOADING6
.ubin
.include "loading6.png"

.res RES_LOADING7
.ubin
.include "loading7.png"

.res RES_LOADING8
.ubin
.include "loading8.png"

.res RES_LOADING9
.ubin
.include "loading9.png"

.res RES_LOADING10
.ubin
.include "loading10.png"

.res RES_LOADING11
.ubin
.include "loading11.png"

.res RES_LOADING12
.ubin
.include "loading12.png"

.res RES_LOADING13
.ubin
.include "loading13.png"

.res RES_LOADING14
.ubin
.include "loading14.png"

.res RES_LOADING15
.ubin
.include "loading15.png"

.res RES_LOADING16
.ubin
.include "loading16.png"

.res RES_LOADING17
.ubin
.include "loading17.png"

.res RES_LOADING18
.ubin
.include "loading18.png"

.res RES_LOADING_FLIP1
.ubin
.include "loading_flip1.png"

.res RES_LOADING_FLIP2
.ubin
.include "loading_flip2.png"

.res RES_LOADING_FLIP3
.ubin
.include "loading_flip3.png"

.res RES_LOADING_FLIP4
.ubin
.include "loading_flip4.png"

.res RES_LOADING_FLIP5
.ubin
.include "loading_flip5.png"

.res RES_LOADING_FLIP6
.ubin
.include "loading_flip6.png"

.res RES_LOADING_FLIP7
.ubin
.include "loading_flip7.png"

.res RES_LOADING_FLIP8
.ubin
.include "loading_flip8.png"

.res RES_LOADING_FLIP9
.ubin
.include "loading_flip9.png"

.res RES_LOADING_FLIP10
.ubin
.include "loading_flip10.png"

.res RES_LOADING_FLIP11
.ubin
.include "loading_flip11.png"

.res RES_LOADING_FLIP12
.ubin
.include "loading_flip12.png"

.res RES_LOADING_FLIP13
.ubin
.include "loading_flip13.png"

.res RES_LOADING_FLIP14
.ubin
.include "loading_flip14.png"

.res RES_LOADING_FLIP15
.ubin
.include "loading_flip15.png"

.res RES_LOADING_FLIP16
.ubin
.include "loading_flip16.png"

.res RES_LOADING_FLIP17
.ubin
.include "loading_flip17.png"

.res RES_LOADING_FLIP18
.ubin
.include "loading_flip18.png"

.res RES_LEFT_ARROW
.ubin
.image "leftarrow.png"

.res RES_RIGHT_ARROW
.ubin
.image "rightarrow.png"

.res RES_ALBUM
.ubin
.image "Album.png"

.res RES_ALBUM_THUMB
.ubin
.image "Album_thumb.png"

.res RES_AUCTIONS
.ubin
.image "Auctions.png"

.res RES_AUCTIONS_THUMB
.ubin
.image "Auctions_thumb.png"

.res RES_CREDITS
.ubin
.image "Credits.png"

.res RES_CREDITS_THUMB
.ubin
.image "Credits_thumb.png"

.res RES_DECKS
.ubin
.image "Decks.png"

.res RES_DECKS_THUMB
.ubin
.image "Decks_thumb.png"

.res RES_FRIENDRANKS
.ubin
.image "FriendRanks.png"

.res RES_FRIENDRANKS_THUMB
.ubin
.image "FriendRanks_thumb.png"

.res RES_FRIENDS
.ubin
.image "Friends.png"

.res RES_FRIENDS_THUMB
.ubin
.image "Friends_thumb.png"

.res RES_INVITE
.ubin
.image "Invite.png"

.res RES_INVITE_THUMB
.ubin
.image "Invite_thumb.png"

.res RES_LOGOUT
.ubin
.image "Logout.png"

.res RES_LOGOUT_THUMB
.ubin
.image "Logout_thumb.png"

.res RES_NOTIFICATIONS
.ubin
.image "Notifications.png"

.res RES_NOTIFICATIONS_THUMB
.ubin
.image "Notifications_thumb.png"

.res RES_PLAY
.ubin
.image "Play.png"

.res RES_PLAY_THUMB
.ubin
.image "Play_thumb.png"

.res RES_PROFILE
.ubin
.image "Profile.png"

.res RES_PROFILE_THUMB
.ubin
.image "Profile_thumb.png"

.res RES_RANKINGS
.ubin
.image "Rankings.png"

.res RES_RANKINGS_THUMB
.ubin
.image "Rankings_thumb.png"

.res RES_REDEEM
.ubin
.image "Redeem.png"

.res RES_REDEEM_THUMB
.ubin
.image "Redeem_thumb.png"

.res RES_SHOP
.ubin
.image "Shop.png"

.res RES_SHOP_THUMB
.ubin
.image "Shop_thumb.png"

.res RES_DESELECTED_LIST_DOT
.ubin
.image "inactive_dot.png"

.res RES_SELECTED_LIST_DOT
.ubin
.image "active_dot.png"

.res RES_ICONS_BACK
.ubin
.image "icon_bar.png"

.res RES_SELECT_ICON
.ubin
.image "select.png"

.res RES_UNSELECT_ICON 
.ubin
.image "unselect.png"

.res RES_HEAD
.ubin
.image "head.png"

.res BLANK /*94*/
.image "blank.png"

/* Custom variables per app */

.res RES_FONT_RED
.bin
.include "calibrired.mof" 

.res RES_FONT_WHITE /*96*/
.bin
.include "calibrigray.mof"  

.res RES_DROPDOWNITEM_SEL /*97*/
.ubin 
.image "dropdownitem_sel.png" 

.res RES_DROPDOWNITEM_UNSEL /*98*/
.ubin 
.image "dropdownitem_unsel.png"  

.res RES_DROPDOWN_SEL /*99*/
.ubin 
.image "dropdownbox_sel.png"  

.res RES_DROPDOWN_UNSEL /*100*/
.ubin 
.image "dropdownbox_unsel.png"

.res RES_POPUP_HEADER /*101*/
.ubin 
.image "popup_header.png"