.res RES_IMAGE
.ubin
.image "crosslogo.png"

.res RES_FONT_BLUE
.bin
.include "nobileblue.mof" 

.res RES_FONT_BLACK
.bin
.include "nobileblack.mof"
 
.res RES_FONT_WHITE
.bin
.include "nobilewhite.mof"  

.res RES_SELECTED_EDITBOX
.ubin 
.image "background_editbox_sel.png" 

.res RES_UNSELECTED_EDITBOX
.ubin 
.image "background_editbox_unsel.png"  

.res RES_UNSELECTED_BUTTON
.ubin
.image "background_button_unsel.png"

.res RES_TEXT_BOX
.ubin 
.image "background_text_sel.png"

.res RES_BACKGROUND
.ubin
.image "background.png"

.res RES_SELECTED_LIST
.ubin
.image "background_list_sel.png"  

.res RES_UNSELECTED_LIST
.ubin
.image "background_list_unsel.png"

.res RES_SELECTED_ALBUM
.ubin
.image "background_album_sel.png"

.res RES_UNSELECTED_ALBUM
.ubin
.image "background_album_unsel.png"  

.res RESP_DATA
.placeholder

.res RESP_IMAGE
.placeholder

.res RES_TEMPTHUMB
.ubin
.include "emptythumb.png"

.res RES_TEMP
.ubin
.include "empty.png"

.res RES_LOADINGTHUMB
.ubin
.include "loadingthumb.png"

.res RES_MISSINGTHUMB
.ubin
.include "missingcardthumb.png"

.res RES_NOTE
.ubin
.image "note.png"

.res RES_SELECTED_BUTTON
.ubin
.image "background_button_sel.png"

.res RES_LOADING1
.ubin
.include "loading1.png"

.res RES_LOADING2
.ubin
.include "loading2.png"

.res RES_LOADING3
.ubin
.include "loading3.png"

.res RES_LOADING4
.ubin
.include "loading4.png"

.res RES_LOADING5
.ubin
.include "loading5.png"

.res RES_LOADING6
.ubin
.include "loading6.png"

.res RES_LOADING7
.ubin
.include "loading7.png"

.res RES_LOADING8
.ubin
.include "loading8.png"

.res RES_LOADING9
.ubin
.include "loading9.png"

.res RES_LOADING10
.ubin
.include "loading10.png"

.res RES_LOADING11
.ubin
.include "loading11.png"

.res RES_LOADING12
.ubin
.include "loading12.png"

.res RES_LOADING13
.ubin
.include "loading13.png"

.res RES_LOADING14
.ubin
.include "loading14.png"

.res RES_LOADING15
.ubin
.include "loading15.png"

.res RES_LOADING16
.ubin
.include "loading16.png"

.res RES_LOADING17
.ubin
.include "loading17.png"

.res RES_LOADING18
.ubin
.include "loading18.png"

.res RES_CREATECARD
.ubin
.include "createcard.jpg"

.res RES_BLANK
.ubin
.image "blank.png"

.res RES_DROPDOWNITEM_SEL
.ubin 
.image "dropdownitem_sel.png" 

.res RES_DROPDOWNITEM_UNSEL
.ubin 
.image "dropdownitem_unsel.png"  

.res RES_DROPDOWN_SEL
.ubin 
.image "dropdownbox_sel.png" 

.res RES_DROPDOWN_UNSEL
.ubin 
.image "dropdownbox_unsel.png"  